<?xml version="1.0" encoding="UTF-8"?>
<testsuite name="com.uservalidation.ValidatorTest" tests="5" skipped="0" failures="0" errors="0" timestamp="2021-06-05T03:19:47" hostname="DESKTOP-0M348LP" time="0.309">
  <properties/>
  <testcase name="givenPasswordRule4_itIsValid_returnTrue()" classname="com.uservalidation.ValidatorTest" time="0.079"/>
  <testcase name="givenLastName_itIsValid_returnTrue()" classname="com.uservalidation.ValidatorTest" time="0.069"/>
  <testcase name="givenMobileNumber_itIsValid_returnTrue()" classname="com.uservalidation.ValidatorTest" time="0.011"/>
  <testcase name="givenFirstName_itIsValid_returnTrue()" classname="com.uservalidation.ValidatorTest" time="0.068"/>
  <testcase name="givenEmail_itIsValid_returnTrue()" classname="com.uservalidation.ValidatorTest" time="0.008"/>
  <system-out><![CDATA[]]></system-out>
  <system-err><![CDATA[]]></system-err>
</testsuite>
