<?xml version="1.0" encoding="UTF-8"?>
<testsuite name="com.uservalidation.ValidatorTest" tests="1" skipped="0" failures="0" errors="0" timestamp="2021-06-04T02:01:21" hostname="DESKTOP-0M348LP" time="0.037">
  <properties/>
  <testcase name="givenPasswordRule4_itIsValid_returnTrue()" classname="com.uservalidation.ValidatorTest" time="0.037"/>
  <system-out><![CDATA[]]></system-out>
  <system-err><![CDATA[]]></system-err>
</testsuite>
