<?xml version="1.0" encoding="UTF-8"?>
<testsuite name="com.uservalidation.ValidatorTest" tests="1" skipped="0" failures="0" errors="0" timestamp="2021-06-04T01:52:54" hostname="DESKTOP-0M348LP" time="0.049">
  <properties/>
  <testcase name="givenPasswordRule3_itIsValid_returnTrue()" classname="com.uservalidation.ValidatorTest" time="0.049"/>
  <system-out><![CDATA[]]></system-out>
  <system-err><![CDATA[]]></system-err>
</testsuite>
