<?xml version="1.0" encoding="UTF-8"?>
<testsuite name="com.uservalidation.ValidatorTest" tests="5" skipped="0" failures="0" errors="0" timestamp="2021-06-06T05:06:47" hostname="DESKTOP-0M348LP" time="0.058">
  <properties/>
  <testcase name="givenPasswordRule4_itIsValid_returnTrue()" classname="com.uservalidation.ValidatorTest" time="0.049"/>
  <testcase name="givenLastName_itIsValid_returnTrue()" classname="com.uservalidation.ValidatorTest" time="0.001"/>
  <testcase name="givenMobileNumber_itIsValid_returnTrue()" classname="com.uservalidation.ValidatorTest" time="0.002"/>
  <testcase name="givenFirstName_itIsValid_returnTrue()" classname="com.uservalidation.ValidatorTest" time="0.001"/>
  <testcase name="givenEmail_itIsValid_returnTrue()" classname="com.uservalidation.ValidatorTest" time="0.001"/>
  <system-out><![CDATA[]]></system-out>
  <system-err><![CDATA[]]></system-err>
</testsuite>
